f:\12131231\qtwidgetsapplicationqq\x64\debug\vc143.pdb
c:\users\administrator\desktop\test\qtwidgetsapplicationqq\x64\debug\vc143.pdb
c:\users\administrator\desktop\test\qtwidgetsapplicationqq\x64\debug\windowmanager.obj
c:\users\administrator\desktop\test\qtwidgetsapplicationqq\x64\debug\userlogin.obj
c:\users\administrator\desktop\test\qtwidgetsapplicationqq\x64\debug\titlebar.obj
c:\users\administrator\desktop\test\qtwidgetsapplicationqq\x64\debug\talkwindowitem.obj
c:\users\administrator\desktop\test\qtwidgetsapplicationqq\x64\debug\talkwindow.obj
c:\users\administrator\desktop\test\qtwidgetsapplicationqq\x64\debug\systray.obj
c:\users\administrator\desktop\test\qtwidgetsapplicationqq\x64\debug\skinwindow.obj
c:\users\administrator\desktop\test\qtwidgetsapplicationqq\x64\debug\rootcontactitem.obj
c:\users\administrator\desktop\test\qtwidgetsapplicationqq\x64\debug\qmsgtextedit.obj
c:\users\administrator\desktop\test\qtwidgetsapplicationqq\x64\debug\qclicklabel.obj
c:\users\administrator\desktop\test\qtwidgetsapplicationqq\x64\debug\notifymanager.obj
c:\users\administrator\desktop\test\qtwidgetsapplicationqq\x64\debug\emotionwindow.obj
c:\users\administrator\desktop\test\qtwidgetsapplicationqq\x64\debug\emotionlabelitem.obj
c:\users\administrator\desktop\test\qtwidgetsapplicationqq\x64\debug\databaseconnect.obj
c:\users\administrator\desktop\test\qtwidgetsapplicationqq\x64\debug\custommenu.obj
c:\users\administrator\desktop\test\qtwidgetsapplicationqq\x64\debug\contactitem.obj
c:\users\administrator\desktop\test\qtwidgetsapplicationqq\x64\debug\commonutils.obj
c:\users\administrator\desktop\test\qtwidgetsapplicationqq\x64\debug\basicwindow.obj
c:\users\administrator\desktop\test\qtwidgetsapplicationqq\x64\debug\main.obj
c:\users\administrator\desktop\test\qtwidgetsapplicationqq\x64\debug\ccmainwindow.obj
c:\users\administrator\desktop\test\qtwidgetsapplicationqq\x64\debug\msgwebview.obj
c:\users\administrator\desktop\test\qtwidgetsapplicationqq\x64\debug\talkwindowshell.obj
c:\users\administrator\desktop\test\qtwidgetsapplicationqq\x64\debug\moc_userlogin.obj
c:\users\administrator\desktop\test\qtwidgetsapplicationqq\x64\debug\moc_skinwindow.obj
c:\users\administrator\desktop\test\qtwidgetsapplicationqq\x64\debug\moc_qclicklabel.obj
c:\users\administrator\desktop\test\qtwidgetsapplicationqq\x64\debug\moc_systray.obj
c:\users\administrator\desktop\test\qtwidgetsapplicationqq\x64\debug\moc_custommenu.obj
c:\users\administrator\desktop\test\qtwidgetsapplicationqq\x64\debug\moc_rootcontactitem.obj
c:\users\administrator\desktop\test\qtwidgetsapplicationqq\x64\debug\moc_contactitem.obj
c:\users\administrator\desktop\test\qtwidgetsapplicationqq\x64\debug\moc_talkwindowshell.obj
c:\users\administrator\desktop\test\qtwidgetsapplicationqq\x64\debug\moc_emotionwindow.obj
c:\users\administrator\desktop\test\qtwidgetsapplicationqq\x64\debug\moc_emotionlabelitem.obj
c:\users\administrator\desktop\test\qtwidgetsapplicationqq\x64\debug\moc_talkwindowitem.obj
c:\users\administrator\desktop\test\qtwidgetsapplicationqq\x64\debug\moc_talkwindow.obj
c:\users\administrator\desktop\test\qtwidgetsapplicationqq\x64\debug\moc_windowmanager.obj
c:\users\administrator\desktop\test\qtwidgetsapplicationqq\x64\debug\moc_qmsgtextedit.obj
c:\users\administrator\desktop\test\qtwidgetsapplicationqq\x64\debug\moc_msgwebview.obj
c:\users\administrator\desktop\test\qtwidgetsapplicationqq\x64\debug\moc_notifymanager.obj
c:\users\administrator\desktop\test\qtwidgetsapplicationqq\x64\debug\moc_basicwindow.obj
c:\users\administrator\desktop\test\qtwidgetsapplicationqq\x64\debug\moc_titlebar.obj
c:\users\administrator\desktop\test\qtwidgetsapplicationqq\x64\debug\moc_ccmainwindow.obj
c:\users\administrator\desktop\test\qtwidgetsapplicationqq\x64\debug\qrc_ccmainwindow.obj
c:\users\administrator\desktop\test\qtwidgetsapplicationqq\x64\debug\qtwidgetsapplicationqq.exe
c:\users\administrator\desktop\test\qtwidgetsapplicationqq\x64\debug\qtwidgetsapplicationqq.ilk
c:\users\administrator\desktop\test\qtwidgetsapplicationqq\x64\debug\qtwidgetsapplicationqq.pdb
c:\users\administrator\desktop\test\qtwidgetsapplicationqq\x64\debug\moc\moc_msgwebview.cpp
c:\users\administrator\source\repos\qtwidgetsapplicationqq\x64\debug\uic\ui_ccmainwindow.h
c:\users\administrator\source\repos\qtwidgetsapplicationqq\x64\debug\uic\ui_contactitem.h
c:\users\administrator\source\repos\qtwidgetsapplicationqq\x64\debug\uic\ui_emotionwindow.h
c:\users\administrator\source\repos\qtwidgetsapplicationqq\x64\debug\uic\ui_skinwindow.h
c:\users\administrator\source\repos\qtwidgetsapplicationqq\x64\debug\uic\ui_talkwindowshell.h
c:\users\administrator\source\repos\qtwidgetsapplicationqq\x64\debug\uic\ui_talkwindow.h
c:\users\administrator\source\repos\qtwidgetsapplicationqq\x64\debug\uic\ui_talkwindowitem.h
c:\users\administrator\source\repos\qtwidgetsapplicationqq\x64\debug\uic\ui_userlogin.h
c:\users\administrator\source\repos\qtwidgetsapplicationqq\x64\debug\rcc\qrc_ccmainwindow.cpp
c:\users\administrator\source\repos\qtwidgetsapplicationqq\x64\debug\moc\moc_ccmainwindow.cpp
c:\users\administrator\source\repos\qtwidgetsapplicationqq\x64\debug\moc\moc_titlebar.cpp
c:\users\administrator\source\repos\qtwidgetsapplicationqq\x64\debug\moc\moc_basicwindow.cpp
c:\users\administrator\source\repos\qtwidgetsapplicationqq\x64\debug\moc\moc_notifymanager.cpp
c:\users\administrator\source\repos\qtwidgetsapplicationqq\x64\debug\moc\moc_msgwebview.cpp
c:\users\administrator\source\repos\qtwidgetsapplicationqq\x64\debug\moc\moc_qmsgtextedit.cpp
c:\users\administrator\source\repos\qtwidgetsapplicationqq\x64\debug\moc\moc_windowmanager.cpp
c:\users\administrator\source\repos\qtwidgetsapplicationqq\x64\debug\moc\moc_talkwindow.cpp
c:\users\administrator\source\repos\qtwidgetsapplicationqq\x64\debug\moc\moc_talkwindowitem.cpp
c:\users\administrator\source\repos\qtwidgetsapplicationqq\x64\debug\moc\moc_emotionlabelitem.cpp
c:\users\administrator\source\repos\qtwidgetsapplicationqq\x64\debug\moc\moc_emotionwindow.cpp
c:\users\administrator\source\repos\qtwidgetsapplicationqq\x64\debug\moc\moc_talkwindowshell.cpp
c:\users\administrator\source\repos\qtwidgetsapplicationqq\x64\debug\moc\moc_contactitem.cpp
c:\users\administrator\source\repos\qtwidgetsapplicationqq\x64\debug\moc\moc_rootcontactitem.cpp
c:\users\administrator\source\repos\qtwidgetsapplicationqq\x64\debug\moc\moc_custommenu.cpp
c:\users\administrator\source\repos\qtwidgetsapplicationqq\x64\debug\moc\moc_systray.cpp
c:\users\administrator\source\repos\qtwidgetsapplicationqq\x64\debug\moc\moc_qclicklabel.cpp
c:\users\administrator\source\repos\qtwidgetsapplicationqq\x64\debug\moc\moc_skinwindow.cpp
c:\users\administrator\source\repos\qtwidgetsapplicationqq\x64\debug\moc\moc_userlogin.cpp
f:\12131231\qtwidgetsapplicationqq\x64\debug\uic\ui_ccmainwindow.h
f:\12131231\qtwidgetsapplicationqq\x64\debug\uic\ui_contactitem.h
f:\12131231\qtwidgetsapplicationqq\x64\debug\uic\ui_emotionwindow.h
f:\12131231\qtwidgetsapplicationqq\x64\debug\uic\ui_skinwindow.h
f:\12131231\qtwidgetsapplicationqq\x64\debug\uic\ui_talkwindowshell.h
f:\12131231\qtwidgetsapplicationqq\x64\debug\uic\ui_talkwindow.h
f:\12131231\qtwidgetsapplicationqq\x64\debug\uic\ui_talkwindowitem.h
f:\12131231\qtwidgetsapplicationqq\x64\debug\uic\ui_userlogin.h
f:\12131231\qtwidgetsapplicationqq\x64\debug\rcc\qrc_ccmainwindow.cpp
f:\12131231\qtwidgetsapplicationqq\x64\debug\moc\moc_ccmainwindow.cpp
f:\12131231\qtwidgetsapplicationqq\x64\debug\moc\moc_titlebar.cpp
f:\12131231\qtwidgetsapplicationqq\x64\debug\moc\moc_basicwindow.cpp
f:\12131231\qtwidgetsapplicationqq\x64\debug\moc\moc_notifymanager.cpp
f:\12131231\qtwidgetsapplicationqq\x64\debug\moc\moc_msgwebview.cpp
f:\12131231\qtwidgetsapplicationqq\x64\debug\moc\moc_qmsgtextedit.cpp
f:\12131231\qtwidgetsapplicationqq\x64\debug\moc\moc_windowmanager.cpp
f:\12131231\qtwidgetsapplicationqq\x64\debug\moc\moc_talkwindow.cpp
f:\12131231\qtwidgetsapplicationqq\x64\debug\moc\moc_talkwindowitem.cpp
f:\12131231\qtwidgetsapplicationqq\x64\debug\moc\moc_emotionlabelitem.cpp
f:\12131231\qtwidgetsapplicationqq\x64\debug\moc\moc_emotionwindow.cpp
f:\12131231\qtwidgetsapplicationqq\x64\debug\moc\moc_talkwindowshell.cpp
f:\12131231\qtwidgetsapplicationqq\x64\debug\moc\moc_contactitem.cpp
f:\12131231\qtwidgetsapplicationqq\x64\debug\moc\moc_rootcontactitem.cpp
f:\12131231\qtwidgetsapplicationqq\x64\debug\moc\moc_custommenu.cpp
f:\12131231\qtwidgetsapplicationqq\x64\debug\moc\moc_systray.cpp
f:\12131231\qtwidgetsapplicationqq\x64\debug\moc\moc_qclicklabel.cpp
f:\12131231\qtwidgetsapplicationqq\x64\debug\moc\moc_skinwindow.cpp
f:\12131231\qtwidgetsapplicationqq\x64\debug\moc\moc_userlogin.cpp
c:\users\administrator\desktop\test\qtwidgetsapplicationqq\x64\debug\uic\ui_ccmainwindow.h
c:\users\administrator\desktop\test\qtwidgetsapplicationqq\x64\debug\uic\ui_contactitem.h
c:\users\administrator\desktop\test\qtwidgetsapplicationqq\x64\debug\uic\ui_emotionwindow.h
c:\users\administrator\desktop\test\qtwidgetsapplicationqq\x64\debug\uic\ui_skinwindow.h
c:\users\administrator\desktop\test\qtwidgetsapplicationqq\x64\debug\uic\ui_talkwindowshell.h
c:\users\administrator\desktop\test\qtwidgetsapplicationqq\x64\debug\uic\ui_talkwindow.h
c:\users\administrator\desktop\test\qtwidgetsapplicationqq\x64\debug\uic\ui_talkwindowitem.h
c:\users\administrator\desktop\test\qtwidgetsapplicationqq\x64\debug\uic\ui_userlogin.h
c:\users\administrator\desktop\test\qtwidgetsapplicationqq\x64\debug\rcc\qrc_ccmainwindow.cpp
c:\users\administrator\desktop\test\qtwidgetsapplicationqq\x64\debug\moc\moc_ccmainwindow.cpp
c:\users\administrator\desktop\test\qtwidgetsapplicationqq\x64\debug\moc\moc_titlebar.cpp
c:\users\administrator\desktop\test\qtwidgetsapplicationqq\x64\debug\moc\moc_basicwindow.cpp
c:\users\administrator\desktop\test\qtwidgetsapplicationqq\x64\debug\moc\moc_notifymanager.cpp
c:\users\administrator\desktop\test\qtwidgetsapplicationqq\x64\debug\moc\moc_qmsgtextedit.cpp
c:\users\administrator\desktop\test\qtwidgetsapplicationqq\x64\debug\moc\moc_windowmanager.cpp
c:\users\administrator\desktop\test\qtwidgetsapplicationqq\x64\debug\moc\moc_talkwindowitem.cpp
c:\users\administrator\desktop\test\qtwidgetsapplicationqq\x64\debug\moc\moc_emotionlabelitem.cpp
c:\users\administrator\desktop\test\qtwidgetsapplicationqq\x64\debug\moc\moc_emotionwindow.cpp
c:\users\administrator\desktop\test\qtwidgetsapplicationqq\x64\debug\moc\moc_contactitem.cpp
c:\users\administrator\desktop\test\qtwidgetsapplicationqq\x64\debug\moc\moc_rootcontactitem.cpp
c:\users\administrator\desktop\test\qtwidgetsapplicationqq\x64\debug\moc\moc_custommenu.cpp
c:\users\administrator\desktop\test\qtwidgetsapplicationqq\x64\debug\moc\moc_systray.cpp
c:\users\administrator\desktop\test\qtwidgetsapplicationqq\x64\debug\moc\moc_qclicklabel.cpp
c:\users\administrator\desktop\test\qtwidgetsapplicationqq\x64\debug\moc\moc_skinwindow.cpp
c:\users\administrator\desktop\test\qtwidgetsapplicationqq\x64\debug\moc\moc_userlogin.cpp
c:\users\administrator\desktop\test\qtwidgetsapplicationqq\x64\debug\moc\moc_talkwindow.cpp
c:\users\administrator\desktop\test\qtwidgetsapplicationqq\x64\debug\moc\moc_talkwindowshell.cpp
c:\users\administrator\desktop\test\qtwidgetsapplicationqq\x64\debug\msado15.tli
c:\users\administrator\desktop\test\qtwidgetsapplicationqq\x64\debug\msado15.tlh
c:\users\administrator\desktop\test\qtwidgetsapplicationqq\x64\debug\qtwidget.2644af34.tlog\cl.command.1.tlog
c:\users\administrator\desktop\test\qtwidgetsapplicationqq\x64\debug\qtwidget.2644af34.tlog\cl.items.tlog
c:\users\administrator\desktop\test\qtwidgetsapplicationqq\x64\debug\qtwidget.2644af34.tlog\cl.read.1.tlog
c:\users\administrator\desktop\test\qtwidgetsapplicationqq\x64\debug\qtwidget.2644af34.tlog\cl.write.1.tlog
c:\users\administrator\desktop\test\qtwidgetsapplicationqq\x64\debug\qtwidget.2644af34.tlog\link.command.1.tlog
c:\users\administrator\desktop\test\qtwidgetsapplicationqq\x64\debug\qtwidget.2644af34.tlog\link.read.1.tlog
c:\users\administrator\desktop\test\qtwidgetsapplicationqq\x64\debug\qtwidget.2644af34.tlog\link.write.1.tlog
c:\users\administrator\desktop\test\qtwidgetsapplicationqq\x64\debug\qtwidget.2644af34.tlog\moc.read.1u.tlog
c:\users\administrator\desktop\test\qtwidgetsapplicationqq\x64\debug\qtwidget.2644af34.tlog\moc.write.1u.tlog
c:\users\administrator\desktop\test\qtwidgetsapplicationqq\x64\debug\qtwidget.2644af34.tlog\qtwidgetsapplicationqq.write.1u.tlog
c:\users\administrator\desktop\test\qtwidgetsapplicationqq\x64\debug\qtwidget.2644af34.tlog\rcc.read.1u.tlog
c:\users\administrator\desktop\test\qtwidgetsapplicationqq\x64\debug\qtwidget.2644af34.tlog\rcc.write.1u.tlog
c:\users\administrator\desktop\test\qtwidgetsapplicationqq\x64\debug\qtwidget.2644af34.tlog\uic.read.1u.tlog
c:\users\administrator\desktop\test\qtwidgetsapplicationqq\x64\debug\qtwidget.2644af34.tlog\uic.write.1u.tlog
